rm: cannot remove '/home/getalp/sfeirj/sfeirseq/checkpoints/*': No such file or directory
/home/getalp/sfeirj/anaconda3/envs/env_1/lib/python3.7/site-packages/torch/nn/_reduction.py:49: UserWarning: size_average and reduce args will be deprecated, please use reduction='sum' instead.
  warnings.warn(warning.format(ret))
/home/getalp/sfeirj/scripts/conlleval/preprocess_for_conlleval_no_df.py:8: ParserWarning: Falling back to the 'python' engine because the 'c' engine does not support regex separators (separators > 1 char and different from '\s+' are interpreted as regex); you can avoid this warning by specifying engine='python'.
  names=["source","target","prediction"])

0it [00:00, ?it/s]
483it [00:00, 4824.47it/s]
855it [00:00, 4429.10it/s]
1068it [00:00, 2813.36it/s]
1505it [00:00, 3149.11it/s]
1881it [00:00, 3309.11it/s]
2256it [00:00, 3428.72it/s]
2585it [00:00, 3385.86it/s]
2910it [00:00, 3260.96it/s]
3227it [00:00, 3005.88it/s]
3567it [00:01, 3113.06it/s]
3878it [00:01, 1598.33it/s]
4118it [00:01, 1761.49it/s]
4356it [00:01, 1846.56it/s]
4585it [00:01, 1944.84it/s]
4812it [00:01, 1869.05it/s]
5023it [00:02, 1830.78it/s]
5441it [00:02, 2201.92it/s]
5853it [00:02, 2558.91it/s]
6162it [00:02, 2414.17it/s]
6443it [00:02, 2503.08it/s]
6722it [00:02, 2560.68it/s]
6999it [00:02, 2462.57it/s]
7414it [00:02, 2804.21it/s]
7722it [00:02, 2524.19it/s]
7999it [00:03, 2535.70it/s]
8327it [00:03, 2720.70it/s]
8642it [00:03, 2836.39it/s]
8938it [00:03, 2778.39it/s]
9225it [00:03, 2563.77it/s]
9537it [00:03, 2708.33it/s]
9817it [00:03, 2547.22it/s]
9942it [00:03, 2592.01it/s]
